PraPR 2 (JDK 1.7) Fix Report - Sun Feb 02 04:50:09 CST 2020
Number of Plausible Fixes: 4
Total Number of Patches: 11050
================================================
1.
	Mutator: NonVoidMethodCallRemovalMutator
	Description: the call to java.util.Iterator::hasNext()Z is replaced with the used of default value false
	File Name: org/apache/commons/jxpath/JXPathContext.java
	Line Number: 687
	Rank: 2
	Total Rank: 21
	Dump: mutant-7.class
------------------------------------------------
2.
	Mutator: NonVoidMethodCallRemovalMutator
	Description: the call to java.util.Iterator::hasNext()Z is replaced with the used of field lenientSet
	File Name: org/apache/commons/jxpath/JXPathContext.java
	Line Number: 687
	Rank: 2
	Total Rank: 21
	Dump: mutant-8.class
------------------------------------------------
3.
	Mutator: ReturningMethodCallGuardMutator
	Description: the call to childIterator(Lorg/apache/commons/jxpath/ri/compiler/NodeTest;ZLorg/apache/commons/jxpath/ri/model/NodePointer;)Lorg/apache/commons/jxpath/ri/model/NodeIterator; is guarded returning enclosing method
	File Name: org/apache/commons/jxpath/ri/axes/ChildContext.java
	Line Number: 113
	Rank: 3
	Total Rank: 4561
	Dump: mutant-3.class
------------------------------------------------
4.
	Mutator: NonVoidMethodCallGuardMutator
	Description: the call to org.apache.commons.jxpath.ri.model.NodePointer::childIterator(Lorg/apache/commons/jxpath/ri/compiler/NodeTest;ZLorg/apache/commons/jxpath/ri/model/NodePointer;)Lorg/apache/commons/jxpath/ri/model/NodeIterator; is guarded using default value null
	File Name: org/apache/commons/jxpath/ri/axes/ChildContext.java
	Line Number: 113
	Rank: 4
	Total Rank: 4564
	Dump: mutant-1.class
------------------------------------------------
